    0, vm_putc
    6, vm_putc
   12, vm_putc
   18, vm_putc
   24, vm_putc
   30, vm_putc
   36, vm_putc
   42, vm_putc
   48, vm_putc
   54, vm_putc
   60, vm_putc
   66, vm_putc
   72, vm_putc
   78, vm_putc
   84, vm_putc
   90, vm_putc
   96, vm_putc
  102, vm_putc
  108, vm_putc
  114, vm_putc
  120, vm_putc
  126, vm_putc
  132, vm_putc
  138, vm_putc
  144, vm_putc
  150, vm_putc
  156, vm_putc
  162, vm_putc
  168, vm_putc
  174, vm_putc
  180, vm_putc
  186, vm_putc
  192, vm_putc
  198, vm_putc
  204, vm_putc
  210, vm_putc
  216, vm_putc
  222, vm_putc
  228, vm_putc
  234, vm_putc
  240, vm_putc
  246, vm_putc
  252, vm_mov
  258, vm_mov
  264, vm_mov
  270, vm_input
  276, vm_store
  282, vm_addi
  288, vm_addi
  294, vm_jle
  270, vm_input
  276, vm_store
  282, vm_addi
  288, vm_addi
  294, vm_jle
  270, vm_input
  276, vm_store
  282, vm_addi
  288, vm_addi
  294, vm_jle
  270, vm_input
  276, vm_store
  282, vm_addi
  288, vm_addi
  294, vm_jle
  270, vm_input
  276, vm_store
  282, vm_addi
  288, vm_addi
  294, vm_jle
  270, vm_input
  276, vm_store
  282, vm_addi
  288, vm_addi
  294, vm_jle
  270, vm_input
  276, vm_store
  282, vm_addi
  288, vm_addi
  294, vm_jle
  270, vm_input
  276, vm_store
  282, vm_addi
  288, vm_addi
  294, vm_jle
  270, vm_input
  276, vm_store
  282, vm_addi
  288, vm_addi
  294, vm_jle
  270, vm_input
  276, vm_store
  282, vm_addi
  288, vm_addi
  294, vm_jle
  270, vm_input
  276, vm_store
  282, vm_addi
  288, vm_addi
  294, vm_jle
  270, vm_input
  276, vm_store
  282, vm_addi
  288, vm_addi
  294, vm_jle
  270, vm_input
  276, vm_store
  282, vm_addi
  288, vm_addi
  294, vm_jle
  270, vm_input
  276, vm_store
  282, vm_addi
  288, vm_addi
  294, vm_jle
  270, vm_input
  276, vm_store
  282, vm_addi
  288, vm_addi
  294, vm_jle
  270, vm_input
  276, vm_store
  282, vm_addi
  288, vm_addi
  294, vm_jle
  270, vm_input
  276, vm_store
  282, vm_addi
  288, vm_addi
  294, vm_jle
  270, vm_input
  276, vm_store
  282, vm_addi
  288, vm_addi
  294, vm_jle
  300, vm_mov
  306, vm_mov
  312, vm_mov
  318, vm_mov
  324, vm_mov
  330, vm_mov
  336, vm_load
  342, vm_load
  348, vm_xor
  354, vm_je
  360, vm_putc
  366, vm_putc
  372, vm_putc
  378, vm_putc
  384, vm_putc
  390, vm_putc
  396, vm_putc
  402, vm_putc
  408, vm_putc
  414, vm_putc
  420, vm_putc
  426, vm_putc
  432, vm_putc
  438, vm_putc
  444, vm_putc
  450, vm_putc
  456, vm_putc
  462, vm_exit
